<?xml version="1.0" encoding="UTF-8"?>
<testsuite xmlns:xsi="http://www.w3.org/2001/XMLSchema-instance" xsi:noNamespaceSchemaLocation="https://maven.apache.org/surefire/maven-surefire-plugin/xsd/surefire-test-report-3.0.xsd" version="3.0" name="edu.iu.aav.primesservice.PrimesServiceTest" time="0.008" tests="3" errors="0" skipped="0" failures="0">
  <properties>
[...]
</properties>
  <testcase name="_532893258045L" classname="edu.iu.aav.primesservice.PrimesServiceTest" time="0.004"/>
  <testcase name="_285191" classname="edu.iu.aav.primesservice.PrimesServiceTest" time="0.002"/>
  <testcase name="_45" classname="edu.iu.aav.primesservice.PrimesServiceTest" time="0.0"/>
</testsuite>