<?xml version="1.0" encoding="UTF-8"?>
<testsuite xmlns:xsi="http://www.w3.org/2001/XMLSchema-instance" xsi:noNamespaceSchemaLocation="https://maven.apache.org/surefire/maven-surefire-plugin/xsd/surefire-test-report-3.0.xsd" version="3.0" name="edu.iu.aav.primesservices.PrimesServicesApplicationTests" time="1.353" tests="1" errors="0" skipped="0" failures="0">
  <properties>
[...]
</properties>
  <testcase name="contextLoads" classname="edu.iu.aav.primesservices.PrimesServicesApplicationTests" time="0.457">
    <system-out><![CDATA[16:40:37.658 [main] INFO org.springframework.test.context.support.AnnotationConfigContextLoaderUtils -- Could not detect default configuration classes for test class [edu.iu.aav.primesservices.PrimesServicesApplicationTests]: PrimesServicesApplicationTests does not declare any static, non-private, non-final, nested classes annotated with @Configuration.
16:40:37.695 [main] INFO org.springframework.boot.test.context.SpringBootTestContextBootstrapper -- Found @SpringBootConfiguration edu.iu.aav.primesservices.PrimesServicesApplication for test class edu.iu.aav.primesservices.PrimesServicesApplicationTests

  .   ____          _            __ _ _
 /\\ / ___'_ __ _ _(_)_ __  __ _ \ \ \ \
( ( )\___ | '_ | '_| | '_ \/ _` | \ \ \ \
 \\/  ___)| |_)| | | | | || (_| |  ) ) ) )
  '  |____| .__|_| |_|_| |_\__, | / / / /
 =========|_|==============|___/=/_/_/_/
 :: Spring Boot ::                (v3.2.3)

2024-02-22T16:40:37.824-05:00  INFO 8363 --- [           main] e.i.a.p.PrimesServicesApplicationTests   : Starting PrimesServicesApplicationTests using Java 21.0.2 with PID 8363 (started by vedangjadhav in /Users/vedangjadhav/Academics/Software_Engineering/primes-services)
2024-02-22T16:40:37.824-05:00  INFO 8363 --- [           main] e.i.a.p.PrimesServicesApplicationTests   : No active profile set, falling back to 1 default profile: "default"
2024-02-22T16:40:38.413-05:00  INFO 8363 --- [           main] o.s.b.a.e.web.EndpointLinksResolver      : Exposing 1 endpoint(s) beneath base path '/actuator'
2024-02-22T16:40:38.439-05:00  INFO 8363 --- [           main] e.i.a.p.PrimesServicesApplicationTests   : Started PrimesServicesApplicationTests in 0.698 seconds (process running for 1.046)
]]></system-out>
    <system-err><![CDATA[WARNING: A Java agent has been loaded dynamically (/Users/vedangjadhav/.m2/repository/net/bytebuddy/byte-buddy-agent/1.14.12/byte-buddy-agent-1.14.12.jar)
WARNING: If a serviceability tool is in use, please run with -XX:+EnableDynamicAgentLoading to hide this warning
WARNING: If a serviceability tool is not in use, please run with -Djdk.instrument.traceUsage for more information
WARNING: Dynamic loading of agents will be disallowed by default in a future release
]]></system-err>
  </testcase>
</testsuite>